<?xml version="1.0" encoding="UTF-8"?>
<testng-results skipped="0" failed="0" total="1" passed="1">
  <reporter-output>
  </reporter-output>
  <suite name="Default suite" duration-ms="22091" started-at="2017-08-09T11:06:53Z" finished-at="2017-08-09T11:07:15Z">
    <groups>
    </groups>
    <test name="Default test" duration-ms="22091" started-at="2017-08-09T11:06:53Z" finished-at="2017-08-09T11:07:15Z">
      <class name="script_1.Selenium_easy_demo">
        <test-method status="PASS" signature="browser()[pri:0, instance:script_1.Selenium_easy_demo@4e1d422d]" name="browser" is-config="true" duration-ms="17181" started-at="2017-08-09T16:36:53Z" finished-at="2017-08-09T16:37:10Z">
          <reporter-output>
          </reporter-output>
        </test-method> <!-- browser -->
        <test-method status="PASS" signature="sel()[pri:0, instance:script_1.Selenium_easy_demo@4e1d422d]" name="sel" duration-ms="3889" started-at="2017-08-09T16:37:10Z" finished-at="2017-08-09T16:37:14Z">
          <reporter-output>
          </reporter-output>
        </test-method> <!-- sel -->
        <test-method status="PASS" signature="teardown()[pri:0, instance:script_1.Selenium_easy_demo@4e1d422d]" name="teardown" is-config="true" duration-ms="828" started-at="2017-08-09T16:37:14Z" finished-at="2017-08-09T16:37:15Z">
          <reporter-output>
          </reporter-output>
        </test-method> <!-- teardown -->
      </class> <!-- script_1.Selenium_easy_demo -->
    </test> <!-- Default test -->
  </suite> <!-- Default suite -->
</testng-results>
